
> my-app@0.1.0 dev
> next dev

▲ Next.js 16.1.6 (Turbopack)
- Local:         http://localhost:3000
- Network:       http://192.168.0.18:3000
- Environments: .env.local

✓ Starting...
✓ Ready in 1230ms
 GET / 200 in 747ms (compile: 609ms, render: 137ms)
 GET / 200 in 41ms (compile: 4ms, render: 37ms)
 GET / 200 in 53ms (compile: 32ms, render: 21ms)
✓ Compiled in 46ms
 GET / 200 in 102ms (compile: 28ms, render: 74ms)
✓ Compiled in 39ms
 GET / 200 in 80ms (compile: 26ms, render: 54ms)
 GET / 200 in 28ms (compile: 3ms, render: 25ms)
✓ Compiled in 45ms
✓ Compiled in 41ms
✓ Compiled in 40ms
✓ Compiled in 36ms
 GET / 200 in 93ms (compile: 30ms, render: 63ms)
✓ Compiled in 38ms
✓ Compiled in 44ms
✓ Compiled in 37ms
✓ Compiled in 40ms
✓ Compiled in 34ms
 GET / 200 in 85ms (compile: 24ms, render: 61ms)
✓ Compiled in 35ms
✓ Compiled in 34ms
✓ Compiled in 34ms
 GET / 200 in 73ms (compile: 26ms, render: 46ms)
 GET / 200 in 28ms (compile: 2ms, render: 25ms)
✓ Compiled in 37ms
✓ Compiled in 35ms
✓ Compiled in 38ms
 GET / 200 in 88ms (compile: 24ms, render: 63ms)
 GET / 200 in 26ms (compile: 3ms, render: 24ms)
✓ Compiled in 34ms
✓ Compiled in 33ms
✓ Compiled in 47ms
 GET / 200 in 71ms (compile: 23ms, render: 48ms)
 GET / 200 in 28ms (compile: 3ms, render: 25ms)
✓ Compiled in 37ms
✓ Compiled in 36ms
✓ Compiled in 37ms
✓ Compiled in 33ms
 GET / 200 in 76ms (compile: 24ms, render: 52ms)
 GET / 200 in 28ms (compile: 3ms, render: 26ms)
✓ Compiled in 38ms
✓ Compiled in 38ms
✓ Compiled in 34ms
✓ Compiled in 37ms
 GET / 200 in 100ms (compile: 30ms, render: 70ms)
✓ Compiled in 37ms
✓ Compiled in 35ms
 GET / 200 in 71ms (compile: 20ms, render: 51ms)
 GET / 200 in 35ms (compile: 5ms, render: 30ms)
 GET /help/setup 200 in 417ms (compile: 325ms, generate-params: 256ms, render: 92ms)
 GET / 200 in 36ms (compile: 2ms, render: 34ms)
 GET /help/setup 200 in 50ms (compile: 9ms, generate-params: 6ms, render: 42ms)
 GET /home 200 in 26ms (compile: 14ms, render: 12ms)
 GET /contents 200 in 126ms (compile: 115ms, render: 11ms)
 GET /home 200 in 15ms (compile: 3ms, render: 12ms)
 GET /vendors 200 in 59ms (compile: 47ms, render: 12ms)
 GET /billing 200 in 57ms (compile: 47ms, render: 10ms)
 GET /invoices 200 in 60ms (compile: 49ms, render: 11ms)
 GET /billing 200 in 14ms (compile: 3ms, render: 11ms)
 GET /projects 200 in 469ms (compile: 459ms, render: 11ms)
 GET /contents 200 in 14ms (compile: 2ms, render: 12ms)
 GET /home 200 in 13ms (compile: 3ms, render: 10ms)
 GET /pages 200 in 50ms (compile: 41ms, render: 9ms)
 GET / 200 in 36ms (compile: 3ms, render: 33ms)
✓ Compiled in 36ms
 GET / 200 in 118ms (compile: 41ms, render: 76ms)
 GET / 200 in 35ms (compile: 3ms, render: 32ms)
 GET /help/setup 200 in 71ms (compile: 11ms, generate-params: 8ms, render: 60ms)
 GET / 200 in 30ms (compile: 3ms, render: 27ms)
 GET / 200 in 36ms (compile: 3ms, render: 33ms)
✓ Compiled in 33ms
 GET / 200 in 59ms (compile: 43ms, render: 17ms)
 GET / 200 in 100ms (compile: 3ms, render: 98ms)
✓ Compiled in 39ms
 GET / 200 in 136ms (compile: 42ms, render: 93ms)
 GET / 200 in 22ms (compile: 1999µs, render: 20ms)
